<?xml version="1.0" encoding="UTF-8"?>
<testng-results ignored="0" total="0" passed="0" failed="0" skipped="0">
  <reporter-output>
  </reporter-output>
  <suite started-at="2023-07-31T08:16:29 IST" name="Functional Suite" finished-at="2023-07-31T08:16:29 IST" duration-ms="58">
    <groups>
    </groups>
    <test started-at="2023-07-31T08:16:29 IST" name="WebMath Application" finished-at="2023-07-31T08:16:29 IST" duration-ms="58">
    </test> <!-- WebMath Application -->
  </suite> <!-- Functional Suite -->
</testng-results>
